2020-10-25 17:08:59 INFO  FileReader:23 - text parsing
2020-10-25 17:08:59 INFO  FileReader:25 - paragraph parsing
2020-10-25 17:08:59 INFO  FileReader:33 - sentence parsing
2020-10-25 17:08:59 INFO  FileReader:22 - word parsing
2020-10-25 17:08:59 INFO  FileReader:22 - word parsing
2020-10-25 17:08:59 INFO  FileReader:22 - word parsing
2020-10-25 17:08:59 INFO  FileReader:22 - word parsing
2020-10-25 17:08:59 INFO  FileReader:22 - word parsing
2020-10-25 17:08:59 INFO  FileReader:33 - sentence parsing
2020-10-25 17:08:59 INFO  FileReader:22 - word parsing
2020-10-25 17:08:59 INFO  FileReader:22 - word parsing
2020-10-25 17:08:59 INFO  FileReader:22 - word parsing
2020-10-25 17:08:59 INFO  FileReader:22 - word parsing
2020-10-25 17:08:59 INFO  FileReader:22 - reading text
2020-10-25 17:08:59 INFO  FileReader:23 - text parsing
2020-10-25 17:08:59 INFO  FileReader:25 - paragraph parsing
2020-10-25 17:08:59 INFO  FileReader:33 - sentence parsing
2020-10-25 17:08:59 INFO  FileReader:22 - word parsing
2020-10-25 17:08:59 INFO  FileReader:22 - word parsing
2020-10-25 17:08:59 INFO  FileReader:22 - word parsing
2020-10-25 17:08:59 INFO  FileReader:22 - word parsing
2020-10-25 17:08:59 INFO  FileReader:22 - word parsing
2020-10-25 17:08:59 INFO  FileReader:22 - word parsing
2020-10-25 17:08:59 INFO  FileReader:22 - word parsing
2020-10-25 17:08:59 INFO  FileReader:22 - word parsing
2020-10-25 17:08:59 INFO  FileReader:22 - word parsing
2020-10-25 17:08:59 INFO  FileReader:22 - word parsing
2020-10-25 17:08:59 INFO  FileReader:22 - word parsing
2020-10-25 17:08:59 INFO  FileReader:22 - word parsing
2020-10-25 17:08:59 INFO  FileReader:22 - word parsing
2020-10-25 17:08:59 INFO  FileReader:22 - word parsing
2020-10-25 17:08:59 INFO  FileReader:22 - word parsing
2020-10-25 17:08:59 INFO  FileReader:22 - word parsing
2020-10-25 17:08:59 INFO  FileReader:22 - word parsing
2020-10-25 17:08:59 INFO  FileReader:22 - word parsing
2020-10-25 17:08:59 INFO  FileReader:22 - word parsing
2020-10-25 17:08:59 INFO  FileReader:22 - word parsing
2020-10-25 17:08:59 INFO  FileReader:22 - word parsing
2020-10-25 17:08:59 INFO  FileReader:22 - word parsing
2020-10-25 17:08:59 INFO  FileReader:22 - word parsing
2020-10-25 17:08:59 INFO  FileReader:33 - sentence parsing
2020-10-25 17:08:59 INFO  FileReader:22 - word parsing
2020-10-25 17:08:59 INFO  FileReader:22 - word parsing
2020-10-25 17:08:59 INFO  FileReader:22 - word parsing
2020-10-25 17:08:59 INFO  FileReader:22 - word parsing
2020-10-25 17:08:59 INFO  FileReader:22 - word parsing
2020-10-25 17:08:59 INFO  FileReader:22 - word parsing
2020-10-25 17:08:59 INFO  FileReader:22 - word parsing
2020-10-25 17:08:59 INFO  FileReader:22 - word parsing
2020-10-25 17:08:59 INFO  FileReader:22 - word parsing
2020-10-25 17:08:59 INFO  FileReader:22 - word parsing
2020-10-25 17:08:59 INFO  FileReader:22 - word parsing
2020-10-25 17:08:59 INFO  FileReader:22 - word parsing
2020-10-25 17:08:59 INFO  FileReader:22 - word parsing
2020-10-25 17:08:59 INFO  FileReader:33 - sentence parsing
2020-10-25 17:08:59 INFO  FileReader:22 - word parsing
2020-10-25 17:08:59 INFO  FileReader:22 - word parsing
2020-10-25 17:08:59 INFO  FileReader:22 - word parsing
2020-10-25 17:08:59 INFO  FileReader:22 - word parsing
2020-10-25 17:08:59 INFO  FileReader:22 - word parsing
2020-10-25 17:08:59 INFO  FileReader:22 - word parsing
2020-10-25 17:08:59 INFO  FileReader:22 - word parsing
2020-10-25 17:08:59 INFO  FileReader:22 - word parsing
2020-10-25 17:08:59 INFO  FileReader:22 - word parsing
2020-10-25 17:08:59 INFO  FileReader:22 - word parsing
2020-10-25 17:08:59 INFO  FileReader:22 - word parsing
2020-10-25 17:08:59 INFO  FileReader:33 - sentence parsing
2020-10-25 17:08:59 INFO  FileReader:22 - word parsing
2020-10-25 17:08:59 INFO  FileReader:22 - word parsing
2020-10-25 17:08:59 INFO  FileReader:22 - word parsing
2020-10-25 17:08:59 INFO  FileReader:22 - word parsing
2020-10-25 17:08:59 INFO  FileReader:22 - word parsing
2020-10-25 17:08:59 INFO  FileReader:22 - word parsing
2020-10-25 17:08:59 INFO  FileReader:22 - word parsing
2020-10-25 17:08:59 INFO  FileReader:22 - word parsing
2020-10-25 17:08:59 INFO  FileReader:22 - word parsing
2020-10-25 17:08:59 INFO  FileReader:22 - word parsing
2020-10-25 17:08:59 INFO  FileReader:22 - word parsing
2020-10-25 17:08:59 INFO  FileReader:22 - word parsing
2020-10-25 17:08:59 INFO  FileReader:22 - word parsing
2020-10-25 17:08:59 INFO  FileReader:22 - word parsing
2020-10-25 17:08:59 INFO  FileReader:22 - word parsing
2020-10-25 17:08:59 INFO  FileReader:22 - word parsing
2020-10-25 17:08:59 INFO  FileReader:33 - sentence parsing
2020-10-25 17:08:59 INFO  FileReader:22 - word parsing
2020-10-25 17:08:59 INFO  FileReader:22 - word parsing
2020-10-25 17:08:59 INFO  FileReader:22 - word parsing
2020-10-25 17:08:59 INFO  FileReader:22 - word parsing
2020-10-25 17:08:59 INFO  FileReader:22 - word parsing
2020-10-25 17:08:59 INFO  FileReader:22 - word parsing
2020-10-25 17:08:59 INFO  FileReader:22 - word parsing
2020-10-25 17:08:59 INFO  FileReader:22 - word parsing
2020-10-25 17:08:59 INFO  FileReader:22 - word parsing
2020-10-25 17:08:59 INFO  FileReader:22 - word parsing
2020-10-25 17:08:59 INFO  FileReader:22 - word parsing
2020-10-25 17:08:59 INFO  FileReader:33 - sentence parsing
2020-10-25 17:08:59 INFO  FileReader:22 - word parsing
2020-10-25 17:08:59 INFO  FileReader:22 - word parsing
2020-10-25 17:08:59 INFO  FileReader:22 - word parsing
2020-10-25 17:08:59 INFO  FileReader:22 - word parsing
2020-10-25 17:08:59 INFO  FileReader:22 - word parsing
2020-10-25 17:08:59 INFO  FileReader:22 - word parsing
2020-10-25 17:08:59 INFO  FileReader:33 - sentence parsing
2020-10-25 17:08:59 INFO  FileReader:22 - word parsing
2020-10-25 17:08:59 INFO  FileReader:22 - word parsing
2020-10-25 17:08:59 INFO  FileReader:22 - word parsing
2020-10-25 17:08:59 INFO  FileReader:22 - word parsing
2020-10-25 17:08:59 INFO  FileReader:22 - word parsing
2020-10-25 17:08:59 INFO  FileReader:22 - word parsing
2020-10-25 17:08:59 INFO  FileReader:22 - word parsing
2020-10-25 17:08:59 INFO  FileReader:22 - word parsing
2020-10-25 17:08:59 INFO  FileReader:22 - word parsing
2020-10-25 17:08:59 INFO  FileReader:22 - word parsing
2020-10-25 17:08:59 INFO  FileReader:22 - word parsing
2020-10-25 17:08:59 INFO  FileReader:22 - word parsing
2020-10-25 17:08:59 INFO  FileReader:22 - word parsing
2020-10-25 17:08:59 INFO  FileReader:22 - word parsing
2020-10-25 17:08:59 INFO  FileReader:22 - word parsing
2020-10-25 17:08:59 INFO  FileReader:22 - word parsing
2020-10-25 17:08:59 INFO  FileReader:22 - word parsing
2020-10-25 17:08:59 INFO  FileReader:22 - word parsing
2020-10-25 17:08:59 INFO  FileReader:33 - sentence parsing
2020-10-25 17:08:59 INFO  FileReader:22 - word parsing
2020-10-25 17:08:59 INFO  FileReader:22 - word parsing
2020-10-25 17:08:59 INFO  FileReader:22 - word parsing
2020-10-25 17:08:59 INFO  FileReader:22 - word parsing
2020-10-25 17:08:59 INFO  FileReader:22 - word parsing
2020-10-25 17:08:59 INFO  FileReader:22 - word parsing
2020-10-25 17:08:59 INFO  FileReader:22 - word parsing
2020-10-25 17:08:59 INFO  FileReader:22 - word parsing
2020-10-25 17:08:59 INFO  FileReader:22 - word parsing
2020-10-25 17:08:59 INFO  FileReader:22 - word parsing
2020-10-25 17:08:59 INFO  FileReader:22 - word parsing
2020-10-25 17:08:59 INFO  FileReader:22 - word parsing
2020-10-25 17:08:59 INFO  FileReader:22 - word parsing
2020-10-25 17:08:59 INFO  FileReader:22 - word parsing
2020-10-25 17:08:59 INFO  FileReader:33 - sentence parsing
2020-10-25 17:08:59 INFO  FileReader:22 - word parsing
2020-10-25 17:08:59 INFO  FileReader:22 - word parsing
2020-10-25 17:08:59 INFO  FileReader:22 - word parsing
2020-10-25 17:08:59 INFO  FileReader:22 - word parsing
2020-10-25 17:08:59 INFO  FileReader:22 - word parsing
2020-10-25 17:08:59 INFO  FileReader:22 - word parsing
2020-10-25 17:08:59 INFO  FileReader:22 - word parsing
2020-10-25 17:08:59 INFO  FileReader:22 - word parsing
2020-10-25 17:08:59 INFO  FileReader:22 - word parsing
2020-10-25 17:08:59 INFO  FileReader:22 - word parsing
2020-10-25 17:08:59 INFO  FileReader:22 - word parsing
2020-10-25 17:08:59 INFO  FileReader:22 - word parsing
2020-10-25 17:08:59 INFO  FileReader:25 - paragraph parsing
2020-10-25 17:08:59 INFO  FileReader:33 - sentence parsing
2020-10-25 17:08:59 INFO  FileReader:22 - word parsing
2020-10-25 17:08:59 INFO  FileReader:22 - word parsing
2020-10-25 17:08:59 INFO  FileReader:22 - word parsing
2020-10-25 17:08:59 INFO  FileReader:22 - word parsing
2020-10-25 17:08:59 INFO  FileReader:22 - word parsing
2020-10-25 17:08:59 INFO  FileReader:22 - word parsing
2020-10-25 17:08:59 INFO  FileReader:22 - word parsing
2020-10-25 17:08:59 INFO  FileReader:22 - word parsing
2020-10-25 17:08:59 INFO  FileReader:22 - word parsing
2020-10-25 17:08:59 INFO  FileReader:22 - word parsing
2020-10-25 17:08:59 INFO  FileReader:22 - word parsing
2020-10-25 17:08:59 INFO  FileReader:22 - word parsing
2020-10-25 17:08:59 INFO  FileReader:22 - word parsing
2020-10-25 17:08:59 INFO  FileReader:22 - word parsing
2020-10-25 17:08:59 INFO  FileReader:22 - word parsing
2020-10-25 17:08:59 INFO  FileReader:22 - word parsing
2020-10-25 17:08:59 INFO  FileReader:22 - word parsing
2020-10-25 17:08:59 INFO  FileReader:22 - word parsing
2020-10-25 17:08:59 INFO  FileReader:22 - word parsing
2020-10-25 17:08:59 INFO  FileReader:22 - word parsing
2020-10-25 17:08:59 INFO  FileReader:22 - word parsing
2020-10-25 17:08:59 INFO  FileReader:22 - word parsing
2020-10-25 17:08:59 INFO  FileReader:22 - word parsing
2020-10-25 17:08:59 INFO  FileReader:22 - word parsing
2020-10-25 17:08:59 INFO  FileReader:22 - word parsing
2020-10-25 17:08:59 INFO  FileReader:22 - word parsing
2020-10-25 17:08:59 INFO  FileReader:22 - word parsing
2020-10-25 17:08:59 INFO  FileReader:22 - word parsing
2020-10-25 17:08:59 INFO  FileReader:22 - word parsing
2020-10-25 17:08:59 INFO  FileReader:22 - word parsing
2020-10-25 17:08:59 INFO  FileReader:22 - word parsing
2020-10-25 17:08:59 INFO  FileReader:33 - sentence parsing
2020-10-25 17:08:59 INFO  FileReader:22 - word parsing
2020-10-25 17:08:59 INFO  FileReader:22 - word parsing
2020-10-25 17:08:59 INFO  FileReader:22 - word parsing
2020-10-25 17:08:59 INFO  FileReader:22 - word parsing
2020-10-25 17:08:59 INFO  FileReader:22 - word parsing
2020-10-25 17:08:59 INFO  FileReader:22 - word parsing
2020-10-25 17:08:59 INFO  FileReader:22 - word parsing
2020-10-25 17:08:59 INFO  FileReader:22 - word parsing
2020-10-25 17:08:59 INFO  FileReader:22 - word parsing
2020-10-25 17:08:59 INFO  FileReader:22 - word parsing
2020-10-25 17:08:59 INFO  FileReader:22 - word parsing
2020-10-25 17:08:59 INFO  FileReader:22 - word parsing
2020-10-25 17:08:59 INFO  FileReader:22 - word parsing
2020-10-25 17:08:59 INFO  FileReader:22 - word parsing
2020-10-25 17:08:59 INFO  FileReader:22 - word parsing
2020-10-25 17:08:59 INFO  FileReader:22 - word parsing
2020-10-25 17:08:59 INFO  FileReader:22 - word parsing
2020-10-25 17:08:59 INFO  FileReader:22 - word parsing
2020-10-25 17:08:59 INFO  FileReader:22 - word parsing
2020-10-25 17:08:59 INFO  FileReader:22 - word parsing
2020-10-25 17:08:59 INFO  FileReader:22 - word parsing
2020-10-25 17:08:59 INFO  FileReader:22 - word parsing
2020-10-25 17:08:59 INFO  FileReader:22 - word parsing
2020-10-25 17:08:59 INFO  FileReader:22 - word parsing
2020-10-25 17:08:59 INFO  FileReader:22 - word parsing
2020-10-25 17:08:59 INFO  FileReader:22 - word parsing
2020-10-25 17:08:59 INFO  FileReader:22 - word parsing
2020-10-25 17:08:59 INFO  FileReader:22 - word parsing
2020-10-25 17:08:59 INFO  FileReader:22 - word parsing
2020-10-25 17:08:59 INFO  FileReader:22 - word parsing
2020-10-25 17:08:59 INFO  FileReader:22 - word parsing
2020-10-25 17:08:59 INFO  FileReader:22 - word parsing
2020-10-25 17:08:59 INFO  FileReader:22 - word parsing
2020-10-25 17:08:59 INFO  FileReader:22 - word parsing
2020-10-25 17:08:59 INFO  FileReader:22 - word parsing
2020-10-25 17:08:59 INFO  FileReader:22 - word parsing
2020-10-25 17:08:59 INFO  FileReader:33 - sentence parsing
2020-10-25 17:08:59 INFO  FileReader:22 - word parsing
2020-10-25 17:08:59 INFO  FileReader:22 - word parsing
2020-10-25 17:08:59 INFO  FileReader:22 - word parsing
2020-10-25 17:08:59 INFO  FileReader:22 - word parsing
2020-10-25 17:08:59 INFO  FileReader:22 - word parsing
2020-10-25 17:08:59 INFO  FileReader:22 - word parsing
2020-10-25 17:08:59 INFO  FileReader:22 - word parsing
2020-10-25 17:08:59 INFO  FileReader:22 - word parsing
2020-10-25 17:08:59 INFO  FileReader:22 - word parsing
2020-10-25 17:08:59 INFO  FileReader:22 - word parsing
2020-10-25 17:08:59 INFO  FileReader:22 - word parsing
2020-10-25 17:08:59 INFO  FileReader:22 - word parsing
2020-10-25 17:08:59 INFO  FileReader:22 - word parsing
2020-10-25 17:08:59 INFO  FileReader:22 - word parsing
2020-10-25 17:08:59 INFO  FileReader:22 - word parsing
2020-10-25 17:08:59 INFO  FileReader:25 - paragraph parsing
2020-10-25 17:08:59 INFO  FileReader:33 - sentence parsing
2020-10-25 17:08:59 INFO  FileReader:22 - word parsing
2020-10-25 17:08:59 INFO  FileReader:22 - word parsing
2020-10-25 17:08:59 INFO  FileReader:22 - word parsing
2020-10-25 17:08:59 INFO  FileReader:22 - word parsing
2020-10-25 17:08:59 INFO  FileReader:22 - word parsing
2020-10-25 17:08:59 INFO  FileReader:22 - word parsing
2020-10-25 17:08:59 INFO  FileReader:22 - word parsing
2020-10-25 17:08:59 INFO  FileReader:22 - word parsing
2020-10-25 17:08:59 INFO  FileReader:22 - word parsing
2020-10-25 17:08:59 INFO  FileReader:22 - word parsing
2020-10-25 17:08:59 INFO  FileReader:22 - word parsing
2020-10-25 17:08:59 INFO  FileReader:22 - word parsing
2020-10-25 17:08:59 INFO  FileReader:22 - word parsing
2020-10-25 17:08:59 INFO  FileReader:22 - word parsing
2020-10-25 17:08:59 INFO  FileReader:22 - word parsing
2020-10-25 17:08:59 INFO  FileReader:22 - word parsing
2020-10-25 17:08:59 INFO  FileReader:22 - word parsing
2020-10-25 17:08:59 INFO  FileReader:22 - word parsing
2020-10-25 17:08:59 INFO  FileReader:33 - sentence parsing
2020-10-25 17:08:59 INFO  FileReader:22 - word parsing
2020-10-25 17:08:59 INFO  FileReader:22 - word parsing
2020-10-25 17:08:59 INFO  FileReader:22 - word parsing
2020-10-25 17:08:59 INFO  FileReader:22 - word parsing
2020-10-25 17:08:59 INFO  FileReader:22 - word parsing
2020-10-25 17:08:59 INFO  FileReader:22 - word parsing
2020-10-25 17:08:59 INFO  FileReader:22 - word parsing
2020-10-25 17:08:59 INFO  FileReader:22 - word parsing
2020-10-25 17:08:59 INFO  FileReader:22 - word parsing
2020-10-25 17:08:59 INFO  FileReader:22 - word parsing
2020-10-25 17:08:59 INFO  FileReader:22 - word parsing
2020-10-25 17:08:59 INFO  FileReader:22 - word parsing
2020-10-25 17:08:59 INFO  FileReader:22 - word parsing
2020-10-25 17:08:59 INFO  FileReader:22 - word parsing
2020-10-25 17:08:59 INFO  FileReader:22 - word parsing
2020-10-25 17:08:59 INFO  FileReader:22 - word parsing
2020-10-25 17:08:59 INFO  FileReader:22 - word parsing
2020-10-25 17:08:59 INFO  FileReader:33 - sentence parsing
2020-10-25 17:08:59 INFO  FileReader:22 - word parsing
2020-10-25 17:08:59 INFO  FileReader:22 - word parsing
2020-10-25 17:08:59 INFO  FileReader:22 - word parsing
2020-10-25 17:08:59 INFO  FileReader:22 - word parsing
2020-10-25 17:08:59 INFO  FileReader:22 - word parsing
2020-10-25 17:08:59 INFO  FileReader:22 - word parsing
2020-10-25 17:08:59 INFO  FileReader:22 - word parsing
2020-10-25 17:08:59 INFO  FileReader:22 - word parsing
2020-10-25 17:08:59 INFO  FileReader:22 - word parsing
2020-10-25 17:08:59 INFO  FileReader:22 - word parsing
2020-10-25 17:08:59 INFO  FileReader:22 - word parsing
2020-10-25 17:08:59 INFO  FileReader:22 - word parsing
2020-10-25 17:08:59 INFO  FileReader:22 - word parsing
2020-10-25 17:08:59 INFO  FileReader:22 - word parsing
2020-10-25 17:08:59 INFO  FileReader:22 - word parsing
2020-10-25 17:08:59 INFO  FileReader:22 - word parsing
2020-10-25 17:08:59 INFO  FileReader:22 - word parsing
2020-10-25 17:08:59 INFO  FileReader:22 - word parsing
2020-10-25 17:08:59 INFO  FileReader:22 - word parsing
2020-10-25 17:08:59 INFO  FileReader:33 - sentence parsing
2020-10-25 17:08:59 INFO  FileReader:22 - word parsing
2020-10-25 17:08:59 INFO  FileReader:22 - word parsing
2020-10-25 17:08:59 INFO  FileReader:22 - word parsing
2020-10-25 17:08:59 INFO  FileReader:22 - word parsing
2020-10-25 17:08:59 INFO  FileReader:22 - word parsing
2020-10-25 17:08:59 INFO  FileReader:22 - word parsing
2020-10-25 17:08:59 INFO  FileReader:22 - word parsing
2020-10-25 17:08:59 INFO  FileReader:22 - word parsing
2020-10-25 17:08:59 INFO  FileReader:22 - word parsing
2020-10-25 17:08:59 INFO  FileReader:22 - word parsing
2020-10-25 17:08:59 INFO  FileReader:22 - word parsing
2020-10-25 17:08:59 INFO  FileReader:33 - sentence parsing
2020-10-25 17:08:59 INFO  FileReader:22 - word parsing
2020-10-25 17:08:59 INFO  FileReader:22 - word parsing
2020-10-25 17:08:59 INFO  FileReader:22 - word parsing
2020-10-25 17:08:59 INFO  FileReader:22 - word parsing
2020-10-25 17:08:59 INFO  FileReader:22 - word parsing
2020-10-25 17:08:59 INFO  FileReader:22 - word parsing
2020-10-25 17:08:59 INFO  FileReader:22 - word parsing
2020-10-25 17:08:59 INFO  FileReader:22 - word parsing
2020-10-25 17:08:59 INFO  FileReader:22 - word parsing
2020-10-25 17:08:59 INFO  FileReader:22 - word parsing
2020-10-25 17:08:59 INFO  FileReader:22 - word parsing
2020-10-25 17:08:59 INFO  FileReader:33 - sentence parsing
2020-10-25 17:08:59 INFO  FileReader:22 - word parsing
2020-10-25 17:08:59 INFO  FileReader:22 - word parsing
2020-10-25 17:08:59 INFO  FileReader:22 - word parsing
2020-10-25 17:08:59 INFO  FileReader:22 - word parsing
2020-10-25 17:08:59 INFO  FileReader:22 - word parsing
2020-10-25 17:08:59 INFO  FileReader:22 - word parsing
2020-10-25 17:08:59 INFO  FileReader:22 - word parsing
2020-10-25 17:08:59 INFO  FileReader:22 - word parsing
2020-10-25 17:08:59 INFO  FileReader:22 - word parsing
2020-10-25 17:08:59 INFO  FileReader:22 - word parsing
2020-10-25 17:08:59 INFO  FileReader:22 - word parsing
2020-10-25 17:08:59 INFO  FileReader:33 - sentence parsing
2020-10-25 17:08:59 INFO  FileReader:22 - word parsing
2020-10-25 17:08:59 INFO  FileReader:22 - word parsing
2020-10-25 17:08:59 INFO  FileReader:22 - word parsing
2020-10-25 17:08:59 INFO  FileReader:22 - word parsing
2020-10-25 17:08:59 INFO  FileReader:22 - word parsing
2020-10-25 17:08:59 INFO  FileReader:22 - word parsing
2020-10-25 17:08:59 INFO  FileReader:22 - word parsing
2020-10-25 17:08:59 INFO  FileReader:33 - sentence parsing
2020-10-25 17:08:59 INFO  FileReader:22 - word parsing
2020-10-25 17:08:59 INFO  FileReader:22 - word parsing
2020-10-25 17:08:59 INFO  FileReader:22 - word parsing
2020-10-25 17:08:59 INFO  FileReader:22 - word parsing
2020-10-25 17:08:59 INFO  FileReader:22 - word parsing
2020-10-25 17:08:59 INFO  FileReader:22 - word parsing
2020-10-25 17:08:59 INFO  FileReader:22 - word parsing
2020-10-25 17:08:59 INFO  FileReader:22 - word parsing
2020-10-25 17:08:59 INFO  FileReader:22 - word parsing
2020-10-25 17:08:59 INFO  FileReader:22 - word parsing
2020-10-25 17:08:59 INFO  FileReader:22 - word parsing
2020-10-25 17:08:59 INFO  FileReader:27 - determining all sentences type
2020-10-25 17:08:59 INFO  FileReader:13 - determining sentence type
2020-10-25 17:08:59 INFO  FileReader:13 - determining sentence type
2020-10-25 17:08:59 INFO  FileReader:27 - determining all sentences type
2020-10-25 17:08:59 INFO  FileReader:13 - determining sentence type
2020-10-25 17:08:59 INFO  FileReader:13 - determining sentence type
2020-10-25 17:08:59 INFO  FileReader:13 - determining sentence type
2020-10-25 17:08:59 INFO  FileReader:13 - determining sentence type
2020-10-25 17:08:59 INFO  FileReader:13 - determining sentence type
2020-10-25 17:08:59 INFO  FileReader:13 - determining sentence type
2020-10-25 17:08:59 INFO  FileReader:13 - determining sentence type
2020-10-25 17:08:59 INFO  FileReader:13 - determining sentence type
2020-10-25 17:08:59 INFO  FileReader:13 - determining sentence type
2020-10-25 17:08:59 INFO  FileReader:13 - determining sentence type
2020-10-25 17:08:59 INFO  FileReader:13 - determining sentence type
2020-10-25 17:08:59 INFO  FileReader:13 - determining sentence type
2020-10-25 17:08:59 INFO  FileReader:13 - determining sentence type
2020-10-25 17:08:59 INFO  FileReader:13 - determining sentence type
2020-10-25 17:08:59 INFO  FileReader:13 - determining sentence type
2020-10-25 17:08:59 INFO  FileReader:13 - determining sentence type
2020-10-25 17:08:59 INFO  FileReader:13 - determining sentence type
2020-10-25 17:08:59 INFO  FileReader:13 - determining sentence type
2020-10-25 17:08:59 INFO  FileReader:13 - determining sentence type
2020-10-25 17:08:59 INFO  FileReader:13 - determining sentence type
2020-10-25 17:08:59 INFO  FileReader:15 - sorting text
2020-10-25 17:08:59 INFO  FileReader:15 - sorting text
2020-10-25 17:08:59 INFO  FileReader:18 - finding uniq word
2020-10-25 17:08:59 INFO  FileReader:34 - getting all words
2020-10-25 17:08:59 INFO  FileReader:18 - finding uniq word
2020-10-25 17:08:59 INFO  FileReader:34 - getting all words
